// Output created by jacc on Sun Jun 04 20:52:17 BRT 2017

state 0 (entry on prog)
    $accept : _prog $end

    CLASS shift 3
    . error

    prog goto 1
    main goto 2

state 1 (entry on prog)
    $accept : prog_$end

    $end accept
    . error

state 2 (entry on main)
    prog : main_classes    (1)
    classes : _    (4)

    CLASS reduce 4
    $end reduce 4
    . error

    classes goto 4

state 3 (entry on CLASS)
    main : CLASS_ID '{' PUBLIC STATIC VOID MAIN '(' STRING '[' ']' ID ')' '{' cmd '}' '}'    (2)

    ID shift 5
    . error

state 4 (entry on classes)
    prog : main classes_    (1)
    classes : classes_classe    (3)

    CLASS shift 7
    $end reduce 1
    . error

    classe goto 6

state 5 (entry on ID)
    main : CLASS ID_'{' PUBLIC STATIC VOID MAIN '(' STRING '[' ']' ID ')' '{' cmd '}' '}'    (2)

    '{' shift 8
    . error

state 6 (entry on classe)
    classes : classes classe_    (3)

    CLASS reduce 3
    $end reduce 3
    . error

state 7 (entry on CLASS)
    classe : CLASS_ID EXTENDS ID '{' vars metodos '}'    (5)
    classe : CLASS_ID '{' vars metodos '}'    (6)

    ID shift 9
    . error

state 8 (entry on '{')
    main : CLASS ID '{'_PUBLIC STATIC VOID MAIN '(' STRING '[' ']' ID ')' '{' cmd '}' '}'    (2)

    PUBLIC shift 10
    . error

state 9 (entry on ID)
    classe : CLASS ID_EXTENDS ID '{' vars metodos '}'    (5)
    classe : CLASS ID_'{' vars metodos '}'    (6)

    EXTENDS shift 11
    '{' shift 12
    . error

state 10 (entry on PUBLIC)
    main : CLASS ID '{' PUBLIC_STATIC VOID MAIN '(' STRING '[' ']' ID ')' '{' cmd '}' '}'    (2)

    STATIC shift 13
    . error

state 11 (entry on EXTENDS)
    classe : CLASS ID EXTENDS_ID '{' vars metodos '}'    (5)

    ID shift 14
    . error

state 12 (entry on '{')
    classe : CLASS ID '{'_vars metodos '}'    (6)
    vars : _    (8)

    '}' reduce 8
    INT reduce 8
    PUBLIC reduce 8
    ID reduce 8
    BOOLEAN reduce 8
    . error

    vars goto 15

state 13 (entry on STATIC)
    main : CLASS ID '{' PUBLIC STATIC_VOID MAIN '(' STRING '[' ']' ID ')' '{' cmd '}' '}'    (2)

    VOID shift 16
    . error

state 14 (entry on ID)
    classe : CLASS ID EXTENDS ID_'{' vars metodos '}'    (5)

    '{' shift 17
    . error

state 15 (entry on vars)
    classe : CLASS ID '{' vars_metodos '}'    (6)
    metodos : _    (11)
    vars : vars_var    (7)

    BOOLEAN shift 21
    ID shift 22
    INT shift 23
    '}' reduce 11
    PUBLIC reduce 11
    . error

    metodos goto 18
    tipo goto 19
    var goto 20

state 16 (entry on VOID)
    main : CLASS ID '{' PUBLIC STATIC VOID_MAIN '(' STRING '[' ']' ID ')' '{' cmd '}' '}'    (2)

    MAIN shift 24
    . error

state 17 (entry on '{')
    classe : CLASS ID EXTENDS ID '{'_vars metodos '}'    (5)
    vars : _    (8)

    '}' reduce 8
    INT reduce 8
    PUBLIC reduce 8
    ID reduce 8
    BOOLEAN reduce 8
    . error

    vars goto 25

state 18 (entry on metodos)
    classe : CLASS ID '{' vars metodos_'}'    (6)
    metodos : metodos_metodo    (10)

    PUBLIC shift 27
    '}' shift 28
    . error

    metodo goto 26

state 19 (entry on tipo)
    var : tipo_ID ';'    (9)

    ID shift 29
    . error

state 20 (entry on var)
    vars : vars var_    (7)

    WHILE reduce 7
    '{' reduce 7
    RETURN reduce 7
    INT reduce 7
    PUBLIC reduce 7
    PRINTLN reduce 7
    IF reduce 7
    '}' reduce 7
    ID reduce 7
    BOOLEAN reduce 7
    . error

state 21 (entry on BOOLEAN)
    tipo : BOOLEAN_    (17)

    ID reduce 17
    . error

state 22 (entry on ID)
    tipo : ID_    (19)

    ID reduce 19
    . error

state 23 (entry on INT)
    tipo : INT_'[' ']'    (16)
    tipo : INT_    (18)

    '[' shift 30
    ID reduce 18
    . error

state 24 (entry on MAIN)
    main : CLASS ID '{' PUBLIC STATIC VOID MAIN_'(' STRING '[' ']' ID ')' '{' cmd '}' '}'    (2)

    '(' shift 31
    . error

state 25 (entry on vars)
    classe : CLASS ID EXTENDS ID '{' vars_metodos '}'    (5)
    metodos : _    (11)
    vars : vars_var    (7)

    BOOLEAN shift 21
    ID shift 22
    INT shift 23
    '}' reduce 11
    PUBLIC reduce 11
    . error

    metodos goto 32
    tipo goto 19
    var goto 20

state 26 (entry on metodo)
    metodos : metodos metodo_    (10)

    '}' reduce 10
    PUBLIC reduce 10
    . error

state 27 (entry on PUBLIC)
    metodo : PUBLIC_tipo ID '(' ')' '{' vars cmds RETURN exp ';' '}'    (12)
    metodo : PUBLIC_tipo ID '(' params ')' '{' vars cmds RETURN exp ';' '}'    (13)

    BOOLEAN shift 21
    ID shift 22
    INT shift 23
    . error

    tipo goto 33

state 28 (entry on '}')
    classe : CLASS ID '{' vars metodos '}'_    (6)

    CLASS reduce 6
    $end reduce 6
    . error

state 29 (entry on ID)
    var : tipo ID_';'    (9)

    ';' shift 34
    . error

state 30 (entry on '[')
    tipo : INT '['_']'    (16)

    ']' shift 35
    . error

state 31 (entry on '(')
    main : CLASS ID '{' PUBLIC STATIC VOID MAIN '('_STRING '[' ']' ID ')' '{' cmd '}' '}'    (2)

    STRING shift 36
    . error

state 32 (entry on metodos)
    classe : CLASS ID EXTENDS ID '{' vars metodos_'}'    (5)
    metodos : metodos_metodo    (10)

    PUBLIC shift 27
    '}' shift 37
    . error

    metodo goto 26

state 33 (entry on tipo)
    metodo : PUBLIC tipo_ID '(' ')' '{' vars cmds RETURN exp ';' '}'    (12)
    metodo : PUBLIC tipo_ID '(' params ')' '{' vars cmds RETURN exp ';' '}'    (13)

    ID shift 38
    . error

state 34 (entry on ';')
    var : tipo ID ';'_    (9)

    WHILE reduce 9
    '{' reduce 9
    RETURN reduce 9
    INT reduce 9
    PUBLIC reduce 9
    PRINTLN reduce 9
    IF reduce 9
    '}' reduce 9
    ID reduce 9
    BOOLEAN reduce 9
    . error

state 35 (entry on ']')
    tipo : INT '[' ']'_    (16)

    ID reduce 16
    . error

state 36 (entry on STRING)
    main : CLASS ID '{' PUBLIC STATIC VOID MAIN '(' STRING_'[' ']' ID ')' '{' cmd '}' '}'    (2)

    '[' shift 39
    . error

state 37 (entry on '}')
    classe : CLASS ID EXTENDS ID '{' vars metodos '}'_    (5)

    CLASS reduce 5
    $end reduce 5
    . error

state 38 (entry on ID)
    metodo : PUBLIC tipo ID_'(' ')' '{' vars cmds RETURN exp ';' '}'    (12)
    metodo : PUBLIC tipo ID_'(' params ')' '{' vars cmds RETURN exp ';' '}'    (13)

    '(' shift 40
    . error

state 39 (entry on '[')
    main : CLASS ID '{' PUBLIC STATIC VOID MAIN '(' STRING '['_']' ID ')' '{' cmd '}' '}'    (2)

    ']' shift 41
    . error

state 40 (entry on '(')
    metodo : PUBLIC tipo ID '('_')' '{' vars cmds RETURN exp ';' '}'    (12)
    metodo : PUBLIC tipo ID '('_params ')' '{' vars cmds RETURN exp ';' '}'    (13)

    BOOLEAN shift 21
    ID shift 22
    INT shift 23
    ')' shift 44
    . error

    params goto 42
    tipo goto 43

state 41 (entry on ']')
    main : CLASS ID '{' PUBLIC STATIC VOID MAIN '(' STRING '[' ']'_ID ')' '{' cmd '}' '}'    (2)

    ID shift 45
    . error

state 42 (entry on params)
    metodo : PUBLIC tipo ID '(' params_')' '{' vars cmds RETURN exp ';' '}'    (13)
    params : params_',' tipo ID    (14)

    ')' shift 46
    ',' shift 47
    . error

state 43 (entry on tipo)
    params : tipo_ID    (15)

    ID shift 48
    . error

state 44 (entry on ')')
    metodo : PUBLIC tipo ID '(' ')'_'{' vars cmds RETURN exp ';' '}'    (12)

    '{' shift 49
    . error

state 45 (entry on ID)
    main : CLASS ID '{' PUBLIC STATIC VOID MAIN '(' STRING '[' ']' ID_')' '{' cmd '}' '}'    (2)

    ')' shift 50
    . error

state 46 (entry on ')')
    metodo : PUBLIC tipo ID '(' params ')'_'{' vars cmds RETURN exp ';' '}'    (13)

    '{' shift 51
    . error

state 47 (entry on ',')
    params : params ','_tipo ID    (14)

    BOOLEAN shift 21
    ID shift 22
    INT shift 23
    . error

    tipo goto 52

state 48 (entry on ID)
    params : tipo ID_    (15)

    ')' reduce 15
    ',' reduce 15
    . error

state 49 (entry on '{')
    metodo : PUBLIC tipo ID '(' ')' '{'_vars cmds RETURN exp ';' '}'    (12)
    vars : _    (8)

    WHILE reduce 8
    '{' reduce 8
    RETURN reduce 8
    INT reduce 8
    PRINTLN reduce 8
    IF reduce 8
    ID reduce 8
    BOOLEAN reduce 8
    . error

    vars goto 53

state 50 (entry on ')')
    main : CLASS ID '{' PUBLIC STATIC VOID MAIN '(' STRING '[' ']' ID ')'_'{' cmd '}' '}'    (2)

    '{' shift 54
    . error

state 51 (entry on '{')
    metodo : PUBLIC tipo ID '(' params ')' '{'_vars cmds RETURN exp ';' '}'    (13)
    vars : _    (8)

    WHILE reduce 8
    '{' reduce 8
    RETURN reduce 8
    INT reduce 8
    PRINTLN reduce 8
    IF reduce 8
    ID reduce 8
    BOOLEAN reduce 8
    . error

    vars goto 55

state 52 (entry on tipo)
    params : params ',' tipo_ID    (14)

    ID shift 56
    . error

53: shift/reduce conflict (shift 22 and red'n 28) on ID
state 53 (entry on vars)
    cmds : _    (28)
    metodo : PUBLIC tipo ID '(' ')' '{' vars_cmds RETURN exp ';' '}'    (12)
    vars : vars_var    (7)

    BOOLEAN shift 21
    ID shift 22
    INT shift 23
    WHILE reduce 28
    '{' reduce 28
    RETURN reduce 28
    PRINTLN reduce 28
    IF reduce 28
    . error

    cmds goto 57
    tipo goto 19
    var goto 20

state 54 (entry on '{')
    main : CLASS ID '{' PUBLIC STATIC VOID MAIN '(' STRING '[' ']' ID ')' '{'_cmd '}' '}'    (2)

    ID shift 59
    IF shift 60
    PRINTLN shift 61
    WHILE shift 62
    '{' shift 63
    . error

    cmd goto 58

55: shift/reduce conflict (shift 22 and red'n 28) on ID
state 55 (entry on vars)
    cmds : _    (28)
    metodo : PUBLIC tipo ID '(' params ')' '{' vars_cmds RETURN exp ';' '}'    (13)
    vars : vars_var    (7)

    BOOLEAN shift 21
    ID shift 22
    INT shift 23
    WHILE reduce 28
    '{' reduce 28
    RETURN reduce 28
    PRINTLN reduce 28
    IF reduce 28
    . error

    cmds goto 64
    tipo goto 19
    var goto 20

state 56 (entry on ID)
    params : params ',' tipo ID_    (14)

    ')' reduce 14
    ',' reduce 14
    . error

state 57 (entry on cmds)
    cmds : cmds_cmd    (27)
    metodo : PUBLIC tipo ID '(' ')' '{' vars cmds_RETURN exp ';' '}'    (12)

    ID shift 59
    IF shift 60
    PRINTLN shift 61
    WHILE shift 62
    '{' shift 63
    RETURN shift 66
    . error

    cmd goto 65

state 58 (entry on cmd)
    main : CLASS ID '{' PUBLIC STATIC VOID MAIN '(' STRING '[' ']' ID ')' '{' cmd_'}' '}'    (2)

    '}' shift 67
    . error

state 59 (entry on ID)
    cmd : ID_'=' exp ';'    (25)
    cmd : ID_'[' exp ']' '=' exp ';'    (26)

    '=' shift 68
    '[' shift 69
    . error

state 60 (entry on IF)
    cmd : IF_'(' exp ')' cmd    (21)
    cmd : IF_'(' exp ')' cmd ELSE cmd    (22)

    '(' shift 70
    . error

state 61 (entry on PRINTLN)
    cmd : PRINTLN_'(' exp ')' ';'    (24)

    '(' shift 71
    . error

state 62 (entry on WHILE)
    cmd : WHILE_'(' exp ')' cmd    (23)

    '(' shift 72
    . error

state 63 (entry on '{')
    cmd : '{'_cmds '}'    (20)
    cmds : _    (28)

    WHILE reduce 28
    '}' reduce 28
    '{' reduce 28
    PRINTLN reduce 28
    IF reduce 28
    ID reduce 28
    . error

    cmds goto 73

state 64 (entry on cmds)
    cmds : cmds_cmd    (27)
    metodo : PUBLIC tipo ID '(' params ')' '{' vars cmds_RETURN exp ';' '}'    (13)

    ID shift 59
    IF shift 60
    PRINTLN shift 61
    WHILE shift 62
    '{' shift 63
    RETURN shift 74
    . error

    cmd goto 65

state 65 (entry on cmd)
    cmds : cmds cmd_    (27)

    WHILE reduce 27
    '}' reduce 27
    '{' reduce 27
    RETURN reduce 27
    PRINTLN reduce 27
    IF reduce 27
    ID reduce 27
    . error

state 66 (entry on RETURN)
    metodo : PUBLIC tipo ID '(' ')' '{' vars cmds RETURN_exp ';' '}'    (12)

    FALSE shift 81
    ID shift 82
    NEW shift 83
    NULL shift 84
    NUM shift 85
    THIS shift 86
    TRUE shift 87
    '!' shift 88
    '(' shift 89
    '-' shift 90
    . error

    exp goto 75
    mexp goto 76
    pexp goto 77
    aexp goto 78
    rexp goto 79
    sexp goto 80

state 67 (entry on '}')
    main : CLASS ID '{' PUBLIC STATIC VOID MAIN '(' STRING '[' ']' ID ')' '{' cmd '}'_'}'    (2)

    '}' shift 91
    . error

state 68 (entry on '=')
    cmd : ID '='_exp ';'    (25)

    FALSE shift 81
    ID shift 82
    NEW shift 83
    NULL shift 84
    NUM shift 85
    THIS shift 86
    TRUE shift 87
    '!' shift 88
    '(' shift 89
    '-' shift 90
    . error

    exp goto 92
    mexp goto 76
    pexp goto 77
    aexp goto 78
    rexp goto 79
    sexp goto 80

state 69 (entry on '[')
    cmd : ID '['_exp ']' '=' exp ';'    (26)

    FALSE shift 81
    ID shift 82
    NEW shift 83
    NULL shift 84
    NUM shift 85
    THIS shift 86
    TRUE shift 87
    '!' shift 88
    '(' shift 89
    '-' shift 90
    . error

    exp goto 93
    mexp goto 76
    pexp goto 77
    aexp goto 78
    rexp goto 79
    sexp goto 80

state 70 (entry on '(')
    cmd : IF '('_exp ')' cmd    (21)
    cmd : IF '('_exp ')' cmd ELSE cmd    (22)

    FALSE shift 81
    ID shift 82
    NEW shift 83
    NULL shift 84
    NUM shift 85
    THIS shift 86
    TRUE shift 87
    '!' shift 88
    '(' shift 89
    '-' shift 90
    . error

    exp goto 94
    mexp goto 76
    pexp goto 77
    aexp goto 78
    rexp goto 79
    sexp goto 80

state 71 (entry on '(')
    cmd : PRINTLN '('_exp ')' ';'    (24)

    FALSE shift 81
    ID shift 82
    NEW shift 83
    NULL shift 84
    NUM shift 85
    THIS shift 86
    TRUE shift 87
    '!' shift 88
    '(' shift 89
    '-' shift 90
    . error

    exp goto 95
    mexp goto 76
    pexp goto 77
    aexp goto 78
    rexp goto 79
    sexp goto 80

state 72 (entry on '(')
    cmd : WHILE '('_exp ')' cmd    (23)

    FALSE shift 81
    ID shift 82
    NEW shift 83
    NULL shift 84
    NUM shift 85
    THIS shift 86
    TRUE shift 87
    '!' shift 88
    '(' shift 89
    '-' shift 90
    . error

    exp goto 96
    mexp goto 76
    pexp goto 77
    aexp goto 78
    rexp goto 79
    sexp goto 80

state 73 (entry on cmds)
    cmd : '{' cmds_'}'    (20)
    cmds : cmds_cmd    (27)

    ID shift 59
    IF shift 60
    PRINTLN shift 61
    WHILE shift 62
    '{' shift 63
    '}' shift 97
    . error

    cmd goto 65

state 74 (entry on RETURN)
    metodo : PUBLIC tipo ID '(' params ')' '{' vars cmds RETURN_exp ';' '}'    (13)

    FALSE shift 81
    ID shift 82
    NEW shift 83
    NULL shift 84
    NUM shift 85
    THIS shift 86
    TRUE shift 87
    '!' shift 88
    '(' shift 89
    '-' shift 90
    . error

    exp goto 98
    mexp goto 76
    pexp goto 77
    aexp goto 78
    rexp goto 79
    sexp goto 80

state 75 (entry on exp)
    exp : exp_AND rexp    (29)
    metodo : PUBLIC tipo ID '(' ')' '{' vars cmds RETURN exp_';' '}'    (12)

    AND shift 99
    ';' shift 100
    . error

state 76 (entry on mexp)
    mexp : mexp_'*' sexp    (38)
    mexp : mexp_'/' sexp    (39)
    aexp : mexp_    (37)

    '*' shift 101
    '/' shift 102
    ')' reduce 37
    NEQUALS reduce 37
    ']' reduce 37
    EQUALS reduce 37
    '<' reduce 37
    ';' reduce 37
    '-' reduce 37
    ',' reduce 37
    '+' reduce 37
    AND reduce 37
    . error

state 77 (entry on pexp)
    pexp : pexp_'.' ID    (55)
    pexp : pexp_'.' ID '(' exps ')'    (56)
    pexp : pexp_'.' ID '(' ')'    (57)
    sexp : pexp_'.' LENGTH    (48)
    sexp : pexp_'[' exp ']'    (49)
    sexp : pexp_    (50)

    '.' shift 103
    '[' shift 104
    '*' reduce 50
    ')' reduce 50
    NEQUALS reduce 50
    ']' reduce 50
    EQUALS reduce 50
    '<' reduce 50
    ';' reduce 50
    '/' reduce 50
    '-' reduce 50
    ',' reduce 50
    '+' reduce 50
    AND reduce 50
    . error

state 78 (entry on aexp)
    aexp : aexp_'+' mexp    (35)
    aexp : aexp_'-' mexp    (36)
    rexp : aexp_    (34)

    '+' shift 105
    '-' shift 106
    ')' reduce 34
    NEQUALS reduce 34
    ']' reduce 34
    EQUALS reduce 34
    '<' reduce 34
    ';' reduce 34
    ',' reduce 34
    AND reduce 34
    . error

state 79 (entry on rexp)
    exp : rexp_    (30)
    rexp : rexp_'<' aexp    (31)
    rexp : rexp_EQUALS aexp    (32)
    rexp : rexp_NEQUALS aexp    (33)

    EQUALS shift 107
    NEQUALS shift 108
    '<' shift 109
    ')' reduce 30
    ']' reduce 30
    ';' reduce 30
    ',' reduce 30
    AND reduce 30
    . error

state 80 (entry on sexp)
    mexp : sexp_    (40)

    '*' reduce 40
    ')' reduce 40
    NEQUALS reduce 40
    ']' reduce 40
    EQUALS reduce 40
    '<' reduce 40
    ';' reduce 40
    '/' reduce 40
    '-' reduce 40
    ',' reduce 40
    '+' reduce 40
    AND reduce 40
    . error

state 81 (entry on FALSE)
    sexp : FALSE_    (44)

    '*' reduce 44
    ')' reduce 44
    NEQUALS reduce 44
    ']' reduce 44
    EQUALS reduce 44
    '<' reduce 44
    ';' reduce 44
    '/' reduce 44
    '-' reduce 44
    ',' reduce 44
    '+' reduce 44
    AND reduce 44
    . error

state 82 (entry on ID)
    pexp : ID_    (51)

    '*' reduce 51
    ')' reduce 51
    NEQUALS reduce 51
    ']' reduce 51
    '[' reduce 51
    EQUALS reduce 51
    '<' reduce 51
    ';' reduce 51
    '/' reduce 51
    '.' reduce 51
    '-' reduce 51
    ',' reduce 51
    '+' reduce 51
    AND reduce 51
    . error

state 83 (entry on NEW)
    pexp : NEW_ID '(' ')'    (53)
    sexp : NEW_INT '[' exp ']'    (47)

    ID shift 110
    INT shift 111
    . error

state 84 (entry on NULL)
    sexp : NULL_    (46)

    '*' reduce 46
    ')' reduce 46
    NEQUALS reduce 46
    ']' reduce 46
    EQUALS reduce 46
    '<' reduce 46
    ';' reduce 46
    '/' reduce 46
    '-' reduce 46
    ',' reduce 46
    '+' reduce 46
    AND reduce 46
    . error

state 85 (entry on NUM)
    sexp : NUM_    (45)

    '*' reduce 45
    ')' reduce 45
    NEQUALS reduce 45
    ']' reduce 45
    EQUALS reduce 45
    '<' reduce 45
    ';' reduce 45
    '/' reduce 45
    '-' reduce 45
    ',' reduce 45
    '+' reduce 45
    AND reduce 45
    . error

state 86 (entry on THIS)
    pexp : THIS_    (52)

    '*' reduce 52
    ')' reduce 52
    NEQUALS reduce 52
    ']' reduce 52
    '[' reduce 52
    EQUALS reduce 52
    '<' reduce 52
    ';' reduce 52
    '/' reduce 52
    '.' reduce 52
    '-' reduce 52
    ',' reduce 52
    '+' reduce 52
    AND reduce 52
    . error

state 87 (entry on TRUE)
    sexp : TRUE_    (43)

    '*' reduce 43
    ')' reduce 43
    NEQUALS reduce 43
    ']' reduce 43
    EQUALS reduce 43
    '<' reduce 43
    ';' reduce 43
    '/' reduce 43
    '-' reduce 43
    ',' reduce 43
    '+' reduce 43
    AND reduce 43
    . error

state 88 (entry on '!')
    sexp : '!'_sexp    (41)

    FALSE shift 81
    ID shift 82
    NEW shift 83
    NULL shift 84
    NUM shift 85
    THIS shift 86
    TRUE shift 87
    '!' shift 88
    '(' shift 89
    '-' shift 90
    . error

    pexp goto 77
    sexp goto 112

state 89 (entry on '(')
    pexp : '('_exp ')'    (54)

    FALSE shift 81
    ID shift 82
    NEW shift 83
    NULL shift 84
    NUM shift 85
    THIS shift 86
    TRUE shift 87
    '!' shift 88
    '(' shift 89
    '-' shift 90
    . error

    exp goto 113
    mexp goto 76
    pexp goto 77
    aexp goto 78
    rexp goto 79
    sexp goto 80

state 90 (entry on '-')
    sexp : '-'_sexp    (42)

    FALSE shift 81
    ID shift 82
    NEW shift 83
    NULL shift 84
    NUM shift 85
    THIS shift 86
    TRUE shift 87
    '!' shift 88
    '(' shift 89
    '-' shift 90
    . error

    pexp goto 77
    sexp goto 114

state 91 (entry on '}')
    main : CLASS ID '{' PUBLIC STATIC VOID MAIN '(' STRING '[' ']' ID ')' '{' cmd '}' '}'_    (2)

    CLASS reduce 2
    $end reduce 2
    . error

state 92 (entry on exp)
    cmd : ID '=' exp_';'    (25)
    exp : exp_AND rexp    (29)

    AND shift 99
    ';' shift 115
    . error

state 93 (entry on exp)
    cmd : ID '[' exp_']' '=' exp ';'    (26)
    exp : exp_AND rexp    (29)

    AND shift 99
    ']' shift 116
    . error

state 94 (entry on exp)
    cmd : IF '(' exp_')' cmd    (21)
    cmd : IF '(' exp_')' cmd ELSE cmd    (22)
    exp : exp_AND rexp    (29)

    AND shift 99
    ')' shift 117
    . error

state 95 (entry on exp)
    cmd : PRINTLN '(' exp_')' ';'    (24)
    exp : exp_AND rexp    (29)

    AND shift 99
    ')' shift 118
    . error

state 96 (entry on exp)
    cmd : WHILE '(' exp_')' cmd    (23)
    exp : exp_AND rexp    (29)

    AND shift 99
    ')' shift 119
    . error

state 97 (entry on '}')
    cmd : '{' cmds '}'_    (20)

    WHILE reduce 20
    '}' reduce 20
    '{' reduce 20
    RETURN reduce 20
    PRINTLN reduce 20
    IF reduce 20
    ID reduce 20
    ELSE reduce 20
    . error

state 98 (entry on exp)
    exp : exp_AND rexp    (29)
    metodo : PUBLIC tipo ID '(' params ')' '{' vars cmds RETURN exp_';' '}'    (13)

    AND shift 99
    ';' shift 120
    . error

state 99 (entry on AND)
    exp : exp AND_rexp    (29)

    FALSE shift 81
    ID shift 82
    NEW shift 83
    NULL shift 84
    NUM shift 85
    THIS shift 86
    TRUE shift 87
    '!' shift 88
    '(' shift 89
    '-' shift 90
    . error

    mexp goto 76
    pexp goto 77
    aexp goto 78
    rexp goto 121
    sexp goto 80

state 100 (entry on ';')
    metodo : PUBLIC tipo ID '(' ')' '{' vars cmds RETURN exp ';'_'}'    (12)

    '}' shift 122
    . error

state 101 (entry on '*')
    mexp : mexp '*'_sexp    (38)

    FALSE shift 81
    ID shift 82
    NEW shift 83
    NULL shift 84
    NUM shift 85
    THIS shift 86
    TRUE shift 87
    '!' shift 88
    '(' shift 89
    '-' shift 90
    . error

    pexp goto 77
    sexp goto 123

state 102 (entry on '/')
    mexp : mexp '/'_sexp    (39)

    FALSE shift 81
    ID shift 82
    NEW shift 83
    NULL shift 84
    NUM shift 85
    THIS shift 86
    TRUE shift 87
    '!' shift 88
    '(' shift 89
    '-' shift 90
    . error

    pexp goto 77
    sexp goto 124

state 103 (entry on '.')
    pexp : pexp '.'_ID    (55)
    pexp : pexp '.'_ID '(' exps ')'    (56)
    pexp : pexp '.'_ID '(' ')'    (57)
    sexp : pexp '.'_LENGTH    (48)

    ID shift 125
    LENGTH shift 126
    . error

state 104 (entry on '[')
    sexp : pexp '['_exp ']'    (49)

    FALSE shift 81
    ID shift 82
    NEW shift 83
    NULL shift 84
    NUM shift 85
    THIS shift 86
    TRUE shift 87
    '!' shift 88
    '(' shift 89
    '-' shift 90
    . error

    exp goto 127
    mexp goto 76
    pexp goto 77
    aexp goto 78
    rexp goto 79
    sexp goto 80

state 105 (entry on '+')
    aexp : aexp '+'_mexp    (35)

    FALSE shift 81
    ID shift 82
    NEW shift 83
    NULL shift 84
    NUM shift 85
    THIS shift 86
    TRUE shift 87
    '!' shift 88
    '(' shift 89
    '-' shift 90
    . error

    mexp goto 128
    pexp goto 77
    sexp goto 80

state 106 (entry on '-')
    aexp : aexp '-'_mexp    (36)

    FALSE shift 81
    ID shift 82
    NEW shift 83
    NULL shift 84
    NUM shift 85
    THIS shift 86
    TRUE shift 87
    '!' shift 88
    '(' shift 89
    '-' shift 90
    . error

    mexp goto 129
    pexp goto 77
    sexp goto 80

state 107 (entry on EQUALS)
    rexp : rexp EQUALS_aexp    (32)

    FALSE shift 81
    ID shift 82
    NEW shift 83
    NULL shift 84
    NUM shift 85
    THIS shift 86
    TRUE shift 87
    '!' shift 88
    '(' shift 89
    '-' shift 90
    . error

    mexp goto 76
    pexp goto 77
    aexp goto 130
    sexp goto 80

state 108 (entry on NEQUALS)
    rexp : rexp NEQUALS_aexp    (33)

    FALSE shift 81
    ID shift 82
    NEW shift 83
    NULL shift 84
    NUM shift 85
    THIS shift 86
    TRUE shift 87
    '!' shift 88
    '(' shift 89
    '-' shift 90
    . error

    mexp goto 76
    pexp goto 77
    aexp goto 131
    sexp goto 80

state 109 (entry on '<')
    rexp : rexp '<'_aexp    (31)

    FALSE shift 81
    ID shift 82
    NEW shift 83
    NULL shift 84
    NUM shift 85
    THIS shift 86
    TRUE shift 87
    '!' shift 88
    '(' shift 89
    '-' shift 90
    . error

    mexp goto 76
    pexp goto 77
    aexp goto 132
    sexp goto 80

state 110 (entry on ID)
    pexp : NEW ID_'(' ')'    (53)

    '(' shift 133
    . error

state 111 (entry on INT)
    sexp : NEW INT_'[' exp ']'    (47)

    '[' shift 134
    . error

state 112 (entry on sexp)
    sexp : '!' sexp_    (41)

    '*' reduce 41
    ')' reduce 41
    NEQUALS reduce 41
    ']' reduce 41
    EQUALS reduce 41
    '<' reduce 41
    ';' reduce 41
    '/' reduce 41
    '-' reduce 41
    ',' reduce 41
    '+' reduce 41
    AND reduce 41
    . error

state 113 (entry on exp)
    exp : exp_AND rexp    (29)
    pexp : '(' exp_')'    (54)

    AND shift 99
    ')' shift 135
    . error

state 114 (entry on sexp)
    sexp : '-' sexp_    (42)

    '*' reduce 42
    ')' reduce 42
    NEQUALS reduce 42
    ']' reduce 42
    EQUALS reduce 42
    '<' reduce 42
    ';' reduce 42
    '/' reduce 42
    '-' reduce 42
    ',' reduce 42
    '+' reduce 42
    AND reduce 42
    . error

state 115 (entry on ';')
    cmd : ID '=' exp ';'_    (25)

    WHILE reduce 25
    '}' reduce 25
    '{' reduce 25
    RETURN reduce 25
    PRINTLN reduce 25
    IF reduce 25
    ID reduce 25
    ELSE reduce 25
    . error

state 116 (entry on ']')
    cmd : ID '[' exp ']'_'=' exp ';'    (26)

    '=' shift 136
    . error

state 117 (entry on ')')
    cmd : IF '(' exp ')'_cmd    (21)
    cmd : IF '(' exp ')'_cmd ELSE cmd    (22)

    ID shift 59
    IF shift 60
    PRINTLN shift 61
    WHILE shift 62
    '{' shift 63
    . error

    cmd goto 137

state 118 (entry on ')')
    cmd : PRINTLN '(' exp ')'_';'    (24)

    ';' shift 138
    . error

state 119 (entry on ')')
    cmd : WHILE '(' exp ')'_cmd    (23)

    ID shift 59
    IF shift 60
    PRINTLN shift 61
    WHILE shift 62
    '{' shift 63
    . error

    cmd goto 139

state 120 (entry on ';')
    metodo : PUBLIC tipo ID '(' params ')' '{' vars cmds RETURN exp ';'_'}'    (13)

    '}' shift 140
    . error

state 121 (entry on rexp)
    exp : exp AND rexp_    (29)
    rexp : rexp_'<' aexp    (31)
    rexp : rexp_EQUALS aexp    (32)
    rexp : rexp_NEQUALS aexp    (33)

    EQUALS shift 107
    NEQUALS shift 108
    '<' shift 109
    ')' reduce 29
    ']' reduce 29
    ';' reduce 29
    ',' reduce 29
    AND reduce 29
    . error

state 122 (entry on '}')
    metodo : PUBLIC tipo ID '(' ')' '{' vars cmds RETURN exp ';' '}'_    (12)

    '}' reduce 12
    PUBLIC reduce 12
    . error

state 123 (entry on sexp)
    mexp : mexp '*' sexp_    (38)

    '*' reduce 38
    ')' reduce 38
    NEQUALS reduce 38
    ']' reduce 38
    EQUALS reduce 38
    '<' reduce 38
    ';' reduce 38
    '/' reduce 38
    '-' reduce 38
    ',' reduce 38
    '+' reduce 38
    AND reduce 38
    . error

state 124 (entry on sexp)
    mexp : mexp '/' sexp_    (39)

    '*' reduce 39
    ')' reduce 39
    NEQUALS reduce 39
    ']' reduce 39
    EQUALS reduce 39
    '<' reduce 39
    ';' reduce 39
    '/' reduce 39
    '-' reduce 39
    ',' reduce 39
    '+' reduce 39
    AND reduce 39
    . error

state 125 (entry on ID)
    pexp : pexp '.' ID_    (55)
    pexp : pexp '.' ID_'(' exps ')'    (56)
    pexp : pexp '.' ID_'(' ')'    (57)

    '(' shift 141
    '*' reduce 55
    ')' reduce 55
    NEQUALS reduce 55
    ']' reduce 55
    '[' reduce 55
    EQUALS reduce 55
    '<' reduce 55
    ';' reduce 55
    '/' reduce 55
    '.' reduce 55
    '-' reduce 55
    ',' reduce 55
    '+' reduce 55
    AND reduce 55
    . error

state 126 (entry on LENGTH)
    sexp : pexp '.' LENGTH_    (48)

    '*' reduce 48
    ')' reduce 48
    NEQUALS reduce 48
    ']' reduce 48
    EQUALS reduce 48
    '<' reduce 48
    ';' reduce 48
    '/' reduce 48
    '-' reduce 48
    ',' reduce 48
    '+' reduce 48
    AND reduce 48
    . error

state 127 (entry on exp)
    exp : exp_AND rexp    (29)
    sexp : pexp '[' exp_']'    (49)

    AND shift 99
    ']' shift 142
    . error

state 128 (entry on mexp)
    mexp : mexp_'*' sexp    (38)
    mexp : mexp_'/' sexp    (39)
    aexp : aexp '+' mexp_    (35)

    '*' shift 101
    '/' shift 102
    ')' reduce 35
    NEQUALS reduce 35
    ']' reduce 35
    EQUALS reduce 35
    '<' reduce 35
    ';' reduce 35
    '-' reduce 35
    ',' reduce 35
    '+' reduce 35
    AND reduce 35
    . error

state 129 (entry on mexp)
    mexp : mexp_'*' sexp    (38)
    mexp : mexp_'/' sexp    (39)
    aexp : aexp '-' mexp_    (36)

    '*' shift 101
    '/' shift 102
    ')' reduce 36
    NEQUALS reduce 36
    ']' reduce 36
    EQUALS reduce 36
    '<' reduce 36
    ';' reduce 36
    '-' reduce 36
    ',' reduce 36
    '+' reduce 36
    AND reduce 36
    . error

state 130 (entry on aexp)
    aexp : aexp_'+' mexp    (35)
    aexp : aexp_'-' mexp    (36)
    rexp : rexp EQUALS aexp_    (32)

    '+' shift 105
    '-' shift 106
    ')' reduce 32
    NEQUALS reduce 32
    ']' reduce 32
    EQUALS reduce 32
    '<' reduce 32
    ';' reduce 32
    ',' reduce 32
    AND reduce 32
    . error

state 131 (entry on aexp)
    aexp : aexp_'+' mexp    (35)
    aexp : aexp_'-' mexp    (36)
    rexp : rexp NEQUALS aexp_    (33)

    '+' shift 105
    '-' shift 106
    ')' reduce 33
    NEQUALS reduce 33
    ']' reduce 33
    EQUALS reduce 33
    '<' reduce 33
    ';' reduce 33
    ',' reduce 33
    AND reduce 33
    . error

state 132 (entry on aexp)
    aexp : aexp_'+' mexp    (35)
    aexp : aexp_'-' mexp    (36)
    rexp : rexp '<' aexp_    (31)

    '+' shift 105
    '-' shift 106
    ')' reduce 31
    NEQUALS reduce 31
    ']' reduce 31
    EQUALS reduce 31
    '<' reduce 31
    ';' reduce 31
    ',' reduce 31
    AND reduce 31
    . error

state 133 (entry on '(')
    pexp : NEW ID '('_')'    (53)

    ')' shift 143
    . error

state 134 (entry on '[')
    sexp : NEW INT '['_exp ']'    (47)

    FALSE shift 81
    ID shift 82
    NEW shift 83
    NULL shift 84
    NUM shift 85
    THIS shift 86
    TRUE shift 87
    '!' shift 88
    '(' shift 89
    '-' shift 90
    . error

    exp goto 144
    mexp goto 76
    pexp goto 77
    aexp goto 78
    rexp goto 79
    sexp goto 80

state 135 (entry on ')')
    pexp : '(' exp ')'_    (54)

    '*' reduce 54
    ')' reduce 54
    NEQUALS reduce 54
    ']' reduce 54
    '[' reduce 54
    EQUALS reduce 54
    '<' reduce 54
    ';' reduce 54
    '/' reduce 54
    '.' reduce 54
    '-' reduce 54
    ',' reduce 54
    '+' reduce 54
    AND reduce 54
    . error

state 136 (entry on '=')
    cmd : ID '[' exp ']' '='_exp ';'    (26)

    FALSE shift 81
    ID shift 82
    NEW shift 83
    NULL shift 84
    NUM shift 85
    THIS shift 86
    TRUE shift 87
    '!' shift 88
    '(' shift 89
    '-' shift 90
    . error

    exp goto 145
    mexp goto 76
    pexp goto 77
    aexp goto 78
    rexp goto 79
    sexp goto 80

137: shift/reduce conflict (shift 146 and red'n 21) on ELSE
state 137 (entry on cmd)
    cmd : IF '(' exp ')' cmd_    (21)
    cmd : IF '(' exp ')' cmd_ELSE cmd    (22)

    ELSE shift 146
    WHILE reduce 21
    '}' reduce 21
    '{' reduce 21
    RETURN reduce 21
    PRINTLN reduce 21
    IF reduce 21
    ID reduce 21
    . error

state 138 (entry on ';')
    cmd : PRINTLN '(' exp ')' ';'_    (24)

    WHILE reduce 24
    '}' reduce 24
    '{' reduce 24
    RETURN reduce 24
    PRINTLN reduce 24
    IF reduce 24
    ID reduce 24
    ELSE reduce 24
    . error

state 139 (entry on cmd)
    cmd : WHILE '(' exp ')' cmd_    (23)

    WHILE reduce 23
    '}' reduce 23
    '{' reduce 23
    RETURN reduce 23
    PRINTLN reduce 23
    IF reduce 23
    ID reduce 23
    ELSE reduce 23
    . error

state 140 (entry on '}')
    metodo : PUBLIC tipo ID '(' params ')' '{' vars cmds RETURN exp ';' '}'_    (13)

    '}' reduce 13
    PUBLIC reduce 13
    . error

state 141 (entry on '(')
    pexp : pexp '.' ID '('_exps ')'    (56)
    pexp : pexp '.' ID '('_')'    (57)

    FALSE shift 81
    ID shift 82
    NEW shift 83
    NULL shift 84
    NUM shift 85
    THIS shift 86
    TRUE shift 87
    '!' shift 88
    '(' shift 89
    '-' shift 90
    ')' shift 149
    . error

    exp goto 147
    exps goto 148
    mexp goto 76
    pexp goto 77
    aexp goto 78
    rexp goto 79
    sexp goto 80

state 142 (entry on ']')
    sexp : pexp '[' exp ']'_    (49)

    '*' reduce 49
    ')' reduce 49
    NEQUALS reduce 49
    ']' reduce 49
    EQUALS reduce 49
    '<' reduce 49
    ';' reduce 49
    '/' reduce 49
    '-' reduce 49
    ',' reduce 49
    '+' reduce 49
    AND reduce 49
    . error

state 143 (entry on ')')
    pexp : NEW ID '(' ')'_    (53)

    '*' reduce 53
    ')' reduce 53
    NEQUALS reduce 53
    ']' reduce 53
    '[' reduce 53
    EQUALS reduce 53
    '<' reduce 53
    ';' reduce 53
    '/' reduce 53
    '.' reduce 53
    '-' reduce 53
    ',' reduce 53
    '+' reduce 53
    AND reduce 53
    . error

state 144 (entry on exp)
    exp : exp_AND rexp    (29)
    sexp : NEW INT '[' exp_']'    (47)

    AND shift 99
    ']' shift 150
    . error

state 145 (entry on exp)
    cmd : ID '[' exp ']' '=' exp_';'    (26)
    exp : exp_AND rexp    (29)

    AND shift 99
    ';' shift 151
    . error

state 146 (entry on ELSE)
    cmd : IF '(' exp ')' cmd ELSE_cmd    (22)

    ID shift 59
    IF shift 60
    PRINTLN shift 61
    WHILE shift 62
    '{' shift 63
    . error

    cmd goto 152

state 147 (entry on exp)
    exp : exp_AND rexp    (29)
    exps : exp_    (59)

    AND shift 99
    ')' reduce 59
    ',' reduce 59
    . error

state 148 (entry on exps)
    exps : exps_',' exp    (58)
    pexp : pexp '.' ID '(' exps_')'    (56)

    ')' shift 153
    ',' shift 154
    . error

state 149 (entry on ')')
    pexp : pexp '.' ID '(' ')'_    (57)

    '*' reduce 57
    ')' reduce 57
    NEQUALS reduce 57
    ']' reduce 57
    '[' reduce 57
    EQUALS reduce 57
    '<' reduce 57
    ';' reduce 57
    '/' reduce 57
    '.' reduce 57
    '-' reduce 57
    ',' reduce 57
    '+' reduce 57
    AND reduce 57
    . error

state 150 (entry on ']')
    sexp : NEW INT '[' exp ']'_    (47)

    '*' reduce 47
    ')' reduce 47
    NEQUALS reduce 47
    ']' reduce 47
    EQUALS reduce 47
    '<' reduce 47
    ';' reduce 47
    '/' reduce 47
    '-' reduce 47
    ',' reduce 47
    '+' reduce 47
    AND reduce 47
    . error

state 151 (entry on ';')
    cmd : ID '[' exp ']' '=' exp ';'_    (26)

    WHILE reduce 26
    '}' reduce 26
    '{' reduce 26
    RETURN reduce 26
    PRINTLN reduce 26
    IF reduce 26
    ID reduce 26
    ELSE reduce 26
    . error

state 152 (entry on cmd)
    cmd : IF '(' exp ')' cmd ELSE cmd_    (22)

    WHILE reduce 22
    '}' reduce 22
    '{' reduce 22
    RETURN reduce 22
    PRINTLN reduce 22
    IF reduce 22
    ID reduce 22
    ELSE reduce 22
    . error

state 153 (entry on ')')
    pexp : pexp '.' ID '(' exps ')'_    (56)

    '*' reduce 56
    ')' reduce 56
    NEQUALS reduce 56
    ']' reduce 56
    '[' reduce 56
    EQUALS reduce 56
    '<' reduce 56
    ';' reduce 56
    '/' reduce 56
    '.' reduce 56
    '-' reduce 56
    ',' reduce 56
    '+' reduce 56
    AND reduce 56
    . error

state 154 (entry on ',')
    exps : exps ','_exp    (58)

    FALSE shift 81
    ID shift 82
    NEW shift 83
    NULL shift 84
    NUM shift 85
    THIS shift 86
    TRUE shift 87
    '!' shift 88
    '(' shift 89
    '-' shift 90
    . error

    exp goto 155
    mexp goto 76
    pexp goto 77
    aexp goto 78
    rexp goto 79
    sexp goto 80

state 155 (entry on exp)
    exp : exp_AND rexp    (29)
    exps : exps ',' exp_    (58)

    AND shift 99
    ')' reduce 58
    ',' reduce 58
    . error

44 terminals, 19 nonterminals;
59 grammar rules, 156 states;
3 shift/reduce and 0 reduce/reduce conflicts reported.
